src/__tests__/customValidators.test.ts(28,15): error TS2322: Type '"string"' is not assignable to type '"Error: Unable to determine the type of your definition."'.
src/__tests__/customValidators.test.ts(40,15): error TS2322: Type '"string"' is not assignable to type '"Error: Unable to determine the type of your definition."'.
src/__tests__/customValidators.test.ts(49,29): error TS2339: Property 'yourPal' does not exist on type 'DictionaryToModels<{ palindrome: unknown; }, {}, { onCycle: "<unset>"; deepOnCycle: false; onResolve: "<unset>"; }>'.
src/__tests__/customValidators.test.ts(52,29): error TS2339: Property 'yourPal' does not exist on type 'DictionaryToModels<{ palindrome: unknown; }, {}, { onCycle: "<unset>"; deepOnCycle: false; onResolve: "<unset>"; }>'.
src/__tests__/customValidators.test.ts(61,33): error TS7006: Parameter 'value' implicitly has an 'any' type.
src/__tests__/customValidators.test.ts(61,40): error TS7006: Parameter 'errors' implicitly has an 'any' type.
src/__tests__/customValidators.test.ts(61,50): error TS7031: Binding element 'def' implicitly has an 'any' type.
src/__tests__/declaration.assert.ts(12,9): error TS2578: Unused '@ts-expect-error' directive.
src/__tests__/declaration.assert.ts(16,36): error TS2345: Argument of type '{ GottaDefineThis: unknown; }' is not assignable to parameter of type 'ValidateSpaceDictionary<{ GottaDefineThis: unknown; }>'.
  Types of property 'GottaDefineThis' are incompatible.
    Type 'unknown' is not assignable to type '"Error: Unable to determine the type of your definition."'.
src/__tests__/declaration.assert.ts(38,21): error TS2345: Argument of type '{ CantDefineThis: "boolean"; WontDefineThis: "string"; GottaDefineThis: unknown; }' is not assignable to parameter of type 'ValidateSpaceDictionary<{ CantDefineThis: "boolean"; WontDefineThis: "string"; GottaDefineThis: unknown; }>'.
  Types of property 'GottaDefineThis' are incompatible.
    Type 'unknown' is not assignable to type '"Error: Unable to determine the type of your definition."'.
src/__tests__/declaration.assert.ts(40,17): error TS2578: Unused '@ts-expect-error' directive.
src/__tests__/declaration.assert.ts(42,17): error TS2578: Unused '@ts-expect-error' directive.
src/__tests__/inheritableConfigs.assert.ts(35,19): error TS2322: Type '{ name: string; }' is not assignable to type '"Error: Unable to determine the type of your definition."'.
src/__tests__/inheritableConfigs.assert.ts(65,19): error TS2322: Type '{ contents: string; }' is not assignable to type '"Error: Unable to determine the type of your definition."'.
src/__tests__/inheritableConfigs.assert.ts(78,64): error TS2339: Property 'contents' does not exist on type '"Error: Unable to determine the type of your definition."'.
src/__tests__/inheritableConfigs.assert.ts(81,36): error TS2339: Property 'contents' does not exist on type '"Error: Unable to determine the type of your definition."'.
src/__tests__/inheritableConfigs.assert.ts(83,54): error TS2339: Property 'contents' does not exist on type '"Error: Unable to determine the type of your definition."'.
src/__tests__/space.assert.ts(109,15): error TS2322: Type '{ name: string; }' is not assignable to type '"Error: Unable to determine the type of your definition."'.
src/declaration.ts(2,18): error TS2305: Module '"./model.js"' has no exported member 'CheckReferences'.
src/declaration.ts(42,9): error TS2589: Type instantiation is excessively deep and possibly infinite.
src/definitions/__tests__/multifile.assert.ts(13,31): error TS2345: Argument of type '{ group: unknown; user: unknown; }' is not assignable to parameter of type 'ValidateSpaceDictionary<{ group: unknown; user: unknown; }>'.
  Types of property 'group' are incompatible.
    Type 'unknown' is not assignable to type '"Error: Unable to determine the type of your definition."'.
src/definitions/__tests__/multifile.assert.ts(14,33): error TS2339: Property 'name' does not exist on type '"Error: Unable to determine the type of your definition."'.
src/definitions/__tests__/multifile.assert.ts(21,39): error TS2339: Property 'bestFriend' does not exist on type '"Error: Unable to determine the type of your definition."'.
src/definitions/__tests__/references.assert.ts(4,10): error TS2305: Module '"../../model.js"' has no exported member 'ReferencesOf'.
src/definitions/__tests__/references.assert.ts(64,17): error TS2345: Argument of type '"(string,number[])=>null|true"' is not assignable to parameter of type '"Error: Bounded definition '(string,number[])=' must be a number or string keyword."'.
src/definitions/__tests__/references.assert.ts(101,25): error TS2322: Type '"(string[],number|null)=>custom"' is not assignable to type '"Error: Unable to determine the type of (string[],number."'.
src/definitions/str/__test__/integration.assert.ts(8,27): error TS2345: Argument of type '"(string|number[])=>void?"' is not assignable to parameter of type '"Error: Unable to determine the type of (string."'.
src/definitions/str/__test__/integration.assert.ts(25,27): error TS2345: Argument of type '"\"yes|no|maybe\""' is not assignable to parameter of type '"Error: Unable to determine the type of \"yes."'.
src/definitions/str/__test__/optional.assert.ts(28,17): error TS2578: Unused '@ts-expect-error' directive.
src/definitions/str/__test__/optional.assert.ts(37,25): error TS2578: Unused '@ts-expect-error' directive.
src/definitions/str/__test__/optional.assert.ts(46,21): error TS2578: Unused '@ts-expect-error' directive.
src/definitions/str/expression/__tests__/index.ts(1,10): error TS2305: Module '"./arrowFunction.assert.js"' has no exported member 'testArrowFunction'.
src/definitions/str/reference/__tests__/alias.assert.ts(89,13): error TS2578: Unused '@ts-expect-error' directive.
src/definitions/str/reference/__tests__/regex.assert.ts(17,17): error TS2578: Unused '@ts-expect-error' directive.
src/definitions/str/reference/__tests__/regex.assert.ts(30,24): error TS2345: Argument of type '"/((a|b),[^?&]*)=>e+f?/"' is not assignable to parameter of type '"Error: Unable to determine the type of /((a."'.
src/definitions/str/reference/__tests__/regex.assert.ts(46,28): error TS2345: Argument of type '"/((a|b),[^?&]*)=>e+f?/"' is not assignable to parameter of type '"Error: Unable to determine the type of /((a."'.
src/definitions/str/reference/__tests__/stringLiteral.assert.ts(36,21): error TS2578: Unused '@ts-expect-error' directive.
src/definitions/str/reference/__tests__/stringLiteral.assert.ts(44,21): error TS2578: Unused '@ts-expect-error' directive.
Files:                         528
Lines of Library:             9294
Lines of Definitions:        73522
Lines of TypeScript:          7113
Lines of JavaScript:             0
Lines of JSON:                   0
Lines of Other:                  0
Nodes of Library:            24093
Nodes of Definitions:       296271
Nodes of TypeScript:         26956
Nodes of JavaScript:             0
Nodes of JSON:                   0
Nodes of Other:                  0
Identifiers:                112257
Symbols:                    200916
Types:                      125054
Instantiations:             678322
Memory used:               245848K
Assignability cache size:    27854
Identity cache size:           131
Subtype cache size:            540
Strict subtype cache size:     168
I/O Read time:               0.02s
Parse time:                  0.59s
ResolveModule time:          0.09s
ResolveTypeReference time:   0.00s
Program time:                0.86s
Bind time:                   0.30s
Check time:                  2.69s
printTime time:              0.00s
Emit time:                   0.00s
Total time:                  3.84s
