{
  "numFailedTestSuites": 1,
  "numFailedTests": 1,
  "numPassedTestSuites": 6,
  "numPassedTests": 34,
  "numPendingTestSuites": 0,
  "numPendingTests": 0,
  "numRuntimeErrorTestSuites": 0,
  "numTodoTests": 0,
  "numTotalTestSuites": 7,
  "numTotalTests": 35,
  "openHandles": [],
  "snapshot": {
    "added": 0,
    "didUpdate": false,
    "failure": false,
    "filesAdded": 0,
    "filesRemoved": 0,
    "filesRemovedList": [],
    "filesUnmatched": 0,
    "filesUpdated": 0,
    "matched": 0,
    "total": 0,
    "unchecked": 0,
    "uncheckedKeysByFile": [],
    "unmatched": 0,
    "updated": 0
  },
  "startTime": 1566834457952,
  "success": false,
  "testResults": [
    {
      "failureMessage": null,
      "numFailingTests": 0,
      "numPassingTests": 6,
      "numPendingTests": 0,
      "numTodoTests": 0,
      "perfStats": {
        "end": 1566834462814,
        "start": 1566834461359
      },
      "snapshot": {
        "added": 0,
        "fileDeleted": false,
        "matched": 0,
        "unchecked": 0,
        "unmatched": 0,
        "updated": 0,
        "uncheckedKeys": []
      },
      "testFilePath": "/Users/kids/code/redo/pkgs/shapeql/src/filters/__tests__/shapeFilter.test.ts",
      "testResults": [
        {
          "ancestorTitles": [],
          "duration": 10,
          "failureMessages": [],
          "fullName": "doesn't modify objects",
          "location": null,
          "numPassingAsserts": 0,
          "status": "passed",
          "title": "doesn't modify objects"
        },
        {
          "ancestorTitles": [],
          "duration": 1,
          "failureMessages": [],
          "fullName": "filters simple objects",
          "location": null,
          "numPassingAsserts": 0,
          "status": "passed",
          "title": "filters simple objects"
        },
        {
          "ancestorTitles": [],
          "duration": 1,
          "failureMessages": [],
          "fullName": "preserves source when filter is non-recursible",
          "location": null,
          "numPassingAsserts": 0,
          "status": "passed",
          "title": "preserves source when filter is non-recursible"
        },
        {
          "ancestorTitles": [],
          "duration": 1,
          "failureMessages": [],
          "fullName": "stops recursing if filter is deeper than source",
          "location": null,
          "numPassingAsserts": 0,
          "status": "passed",
          "title": "stops recursing if filter is deeper than source"
        },
        {
          "ancestorTitles": [],
          "duration": 1,
          "failureMessages": [],
          "fullName": "ignores filter keys not in source",
          "location": null,
          "numPassingAsserts": 0,
          "status": "passed",
          "title": "ignores filter keys not in source"
        },
        {
          "ancestorTitles": [],
          "duration": 6,
          "failureMessages": [],
          "fullName": "errors on non-object",
          "location": null,
          "numPassingAsserts": 0,
          "status": "passed",
          "title": "errors on non-object"
        }
      ],
      "skipped": false,
      "leaks": false
    },
    {
      "failureMessage": null,
      "numFailingTests": 0,
      "numPassingTests": 1,
      "numPendingTests": 0,
      "numTodoTests": 0,
      "perfStats": {
        "end": 1566834463168,
        "start": 1566834462931
      },
      "snapshot": {
        "added": 0,
        "fileDeleted": false,
        "matched": 0,
        "unchecked": 0,
        "unmatched": 0,
        "updated": 0,
        "uncheckedKeys": []
      },
      "testFilePath": "/Users/kids/code/redo/pkgs/shapeql/src/filters/__tests__/diff.test.ts",
      "testResults": [
        {
          "ancestorTitles": [],
          "duration": 4,
          "failureMessages": [],
          "fullName": "diffs deep objects",
          "location": null,
          "numPassingAsserts": 0,
          "status": "passed",
          "title": "diffs deep objects"
        }
      ],
      "skipped": false,
      "leaks": false
    },
    {
      "failureMessage": null,
      "numFailingTests": 0,
      "numPassingTests": 1,
      "numPendingTests": 0,
      "numTodoTests": 0,
      "perfStats": {
        "end": 1566834463591,
        "start": 1566834463251
      },
      "snapshot": {
        "added": 0,
        "fileDeleted": false,
        "matched": 0,
        "unchecked": 0,
        "unmatched": 0,
        "updated": 0,
        "uncheckedKeys": []
      },
      "testFilePath": "/Users/kids/code/redo/pkgs/shapeql/src/filters/__tests__/withArrays.test.ts",
      "testResults": [
        {
          "ancestorTitles": [],
          "duration": 3,
          "failureMessages": [],
          "fullName": "converts array-like objects",
          "location": null,
          "numPassingAsserts": 0,
          "status": "passed",
          "title": "converts array-like objects"
        }
      ],
      "skipped": false,
      "leaks": false
    },
    {
      "failureMessage": null,
      "numFailingTests": 0,
      "numPassingTests": 3,
      "numPendingTests": 0,
      "numTodoTests": 0,
      "perfStats": {
        "end": 1566834464010,
        "start": 1566834463679
      },
      "snapshot": {
        "added": 0,
        "fileDeleted": false,
        "matched": 0,
        "unchecked": 0,
        "unmatched": 0,
        "updated": 0,
        "uncheckedKeys": []
      },
      "testFilePath": "/Users/kids/code/redo/pkgs/shapeql/src/filters/__tests__/filterKeys.test.ts",
      "testResults": [
        {
          "ancestorTitles": [],
          "duration": 5,
          "failureMessages": [],
          "fullName": "doesn't modify objects",
          "location": null,
          "numPassingAsserts": 0,
          "status": "passed",
          "title": "doesn't modify objects"
        },
        {
          "ancestorTitles": [],
          "duration": 1,
          "failureMessages": [],
          "fullName": "shallow filters objects",
          "location": null,
          "numPassingAsserts": 0,
          "status": "passed",
          "title": "shallow filters objects"
        },
        {
          "ancestorTitles": [],
          "duration": 1,
          "failureMessages": [],
          "fullName": "deep filters objects",
          "location": null,
          "numPassingAsserts": 0,
          "status": "passed",
          "title": "deep filters objects"
        }
      ],
      "skipped": false,
      "leaks": false
    },
    {
      "failureMessage": null,
      "numFailingTests": 0,
      "numPassingTests": 2,
      "numPendingTests": 0,
      "numTodoTests": 0,
      "perfStats": {
        "end": 1566834464377,
        "start": 1566834464084
      },
      "snapshot": {
        "added": 0,
        "fileDeleted": false,
        "matched": 0,
        "unchecked": 0,
        "unmatched": 0,
        "updated": 0,
        "uncheckedKeys": []
      },
      "testFilePath": "/Users/kids/code/redo/pkgs/shapeql/src/filters/__tests__/updateMap.test.ts",
      "testResults": [
        {
          "ancestorTitles": [],
          "duration": 3,
          "failureMessages": [],
          "fullName": "updates simple objects",
          "location": null,
          "numPassingAsserts": 0,
          "status": "passed",
          "title": "updates simple objects"
        },
        {
          "ancestorTitles": [],
          "duration": 2,
          "failureMessages": [],
          "fullName": "updates deep arrays",
          "location": null,
          "numPassingAsserts": 0,
          "status": "passed",
          "title": "updates deep arrays"
        }
      ],
      "skipped": false,
      "leaks": false
    },
    {
      "failureMessage": null,
      "numFailingTests": 0,
      "numPassingTests": 14,
      "numPendingTests": 0,
      "numTodoTests": 0,
      "perfStats": {
        "end": 1566834464521,
        "start": 1566834461361
      },
      "snapshot": {
        "added": 0,
        "fileDeleted": false,
        "matched": 0,
        "unchecked": 0,
        "unmatched": 0,
        "updated": 0,
        "uncheckedKeys": []
      },
      "testFilePath": "/Users/kids/code/redo/pkgs/shapeql/src/__tests__/store.test.ts",
      "testResults": [
        {
          "ancestorTitles": [
            "initialization"
          ],
          "duration": 42,
          "failureMessages": [],
          "fullName": "initialization doesn't crash",
          "location": null,
          "numPassingAsserts": 0,
          "status": "passed",
          "title": "doesn't crash"
        },
        {
          "ancestorTitles": [
            "queries"
          ],
          "duration": 29,
          "failureMessages": [],
          "fullName": "queries handle shallow",
          "location": null,
          "numPassingAsserts": 0,
          "status": "passed",
          "title": "handle shallow"
        },
        {
          "ancestorTitles": [
            "queries"
          ],
          "duration": 8,
          "failureMessages": [],
          "fullName": "queries handle deep",
          "location": null,
          "numPassingAsserts": 0,
          "status": "passed",
          "title": "handle deep"
        },
        {
          "ancestorTitles": [
            "queries"
          ],
          "duration": 6,
          "failureMessages": [],
          "fullName": "queries handle object arrays",
          "location": null,
          "numPassingAsserts": 0,
          "status": "passed",
          "title": "handle object arrays"
        },
        {
          "ancestorTitles": [
            "queries"
          ],
          "duration": 4,
          "failureMessages": [],
          "fullName": "queries handle filtered object within array",
          "location": null,
          "numPassingAsserts": 0,
          "status": "passed",
          "title": "handle filtered object within array"
        },
        {
          "ancestorTitles": [
            "queries"
          ],
          "duration": 5,
          "failureMessages": [],
          "fullName": "queries don't include extraneous keys",
          "location": null,
          "numPassingAsserts": 0,
          "status": "passed",
          "title": "don't include extraneous keys"
        },
        {
          "ancestorTitles": [
            "mutations"
          ],
          "duration": 28,
          "failureMessages": [],
          "fullName": "mutations handles shallow",
          "location": null,
          "numPassingAsserts": 0,
          "status": "passed",
          "title": "handles shallow"
        },
        {
          "ancestorTitles": [
            "mutations"
          ],
          "duration": 54,
          "failureMessages": [],
          "fullName": "mutations handles deep",
          "location": null,
          "numPassingAsserts": 0,
          "status": "passed",
          "title": "handles deep"
        },
        {
          "ancestorTitles": [
            "mutations"
          ],
          "duration": 8,
          "failureMessages": [],
          "fullName": "mutations handles object arrays",
          "location": null,
          "numPassingAsserts": 0,
          "status": "passed",
          "title": "handles object arrays"
        },
        {
          "ancestorTitles": [
            "mutations"
          ],
          "duration": 4,
          "failureMessages": [],
          "fullName": "mutations sets array value",
          "location": null,
          "numPassingAsserts": 0,
          "status": "passed",
          "title": "sets array value"
        },
        {
          "ancestorTitles": [
            "mutations"
          ],
          "duration": 17,
          "failureMessages": [],
          "fullName": "mutations doesn't update extraneous keys",
          "location": null,
          "numPassingAsserts": 0,
          "status": "passed",
          "title": "doesn't update extraneous keys"
        },
        {
          "ancestorTitles": [
            "mutations"
          ],
          "duration": 10,
          "failureMessages": [],
          "fullName": "mutations handle side effects",
          "location": null,
          "numPassingAsserts": 0,
          "status": "passed",
          "title": "handle side effects"
        },
        {
          "ancestorTitles": [
            "mutations"
          ],
          "duration": 10,
          "failureMessages": [],
          "fullName": "mutations handles array side effects",
          "location": null,
          "numPassingAsserts": 0,
          "status": "passed",
          "title": "handles array side effects"
        },
        {
          "ancestorTitles": [
            "mutations"
          ],
          "duration": 6,
          "failureMessages": [],
          "fullName": "mutations doesn't trigger extraneous side effects",
          "location": null,
          "numPassingAsserts": 0,
          "status": "passed",
          "title": "doesn't trigger extraneous side effects"
        }
      ],
      "skipped": false,
      "leaks": false
    },
    {
      "failureMessage": "\u001b[1m\u001b[31m  \u001b[1m● \u001b[1mthis will always fail\u001b[39m\u001b[22m\n\n    \u001b[2mexpect(\u001b[22m\u001b[31mreceived\u001b[39m\u001b[2m).\u001b[22mtoBeFalsy\u001b[2m()\u001b[22m\n\n    Received: \u001b[31mtrue\u001b[39m\n\u001b[2m\u001b[22m\n\u001b[2m    \u001b[0m \u001b[90m 88 | \u001b[39m})\u001b[0m\u001b[22m\n\u001b[2m    \u001b[0m \u001b[90m 89 | \u001b[39mtest(\u001b[32m\"this will always fail\"\u001b[39m\u001b[33m,\u001b[39m () \u001b[33m=>\u001b[39m {\u001b[0m\u001b[22m\n\u001b[2m    \u001b[0m\u001b[31m\u001b[1m>\u001b[2m\u001b[39m\u001b[90m 90 | \u001b[39m    expect(\u001b[36mtrue\u001b[39m)\u001b[33m.\u001b[39mtoBeFalsy()\u001b[0m\u001b[22m\n\u001b[2m    \u001b[0m \u001b[90m    | \u001b[39m                 \u001b[31m\u001b[1m^\u001b[2m\u001b[39m\u001b[0m\u001b[22m\n\u001b[2m    \u001b[0m \u001b[90m 91 | \u001b[39m})\u001b[0m\u001b[22m\n\u001b[2m    \u001b[0m \u001b[90m 92 | \u001b[39m\u001b[0m\u001b[22m\n\u001b[2m\u001b[22m\n\u001b[2m      \u001b[2mat Object.toBeFalsy (\u001b[2m\u001b[0m\u001b[36msrc/__tests__/shapeql.test.ts\u001b[39m\u001b[0m\u001b[2m:90:18)\u001b[2m\u001b[22m\n",
      "numFailingTests": 1,
      "numPassingTests": 7,
      "numPendingTests": 0,
      "numTodoTests": 0,
      "perfStats": {
        "end": 1566834464690,
        "start": 1566834461368
      },
      "snapshot": {
        "added": 0,
        "fileDeleted": false,
        "matched": 0,
        "unchecked": 0,
        "unmatched": 0,
        "updated": 0,
        "uncheckedKeys": []
      },
      "testFilePath": "/Users/kids/code/redo/pkgs/shapeql/src/__tests__/shapeql.test.ts",
      "testResults": [
        {
          "ancestorTitles": [],
          "duration": 15,
          "failureMessages": [],
          "fullName": "withTypeNames root",
          "location": null,
          "numPassingAsserts": 0,
          "status": "passed",
          "title": "withTypeNames root"
        },
        {
          "ancestorTitles": [],
          "duration": 2,
          "failureMessages": [],
          "fullName": "withTypeNames update",
          "location": null,
          "numPassingAsserts": 0,
          "status": "passed",
          "title": "withTypeNames update"
        },
        {
          "ancestorTitles": [],
          "duration": 2,
          "failureMessages": [],
          "fullName": "rootQuery",
          "location": null,
          "numPassingAsserts": 0,
          "status": "passed",
          "title": "rootQuery"
        },
        {
          "ancestorTitles": [],
          "duration": 5,
          "failureMessages": [],
          "fullName": "shallow queries",
          "location": null,
          "numPassingAsserts": 0,
          "status": "passed",
          "title": "shallow queries"
        },
        {
          "ancestorTitles": [],
          "duration": 2,
          "failureMessages": [],
          "fullName": "deep queries",
          "location": null,
          "numPassingAsserts": 0,
          "status": "passed",
          "title": "deep queries"
        },
        {
          "ancestorTitles": [],
          "duration": 2,
          "failureMessages": [],
          "fullName": "deep nested queries",
          "location": null,
          "numPassingAsserts": 0,
          "status": "passed",
          "title": "deep nested queries"
        },
        {
          "ancestorTitles": [],
          "duration": 2,
          "failureMessages": [],
          "fullName": "deep nested queries",
          "location": null,
          "numPassingAsserts": 0,
          "status": "passed",
          "title": "deep nested queries"
        },
        {
          "ancestorTitles": [],
          "duration": 4,
          "failureMessages": [
            "Error: \u001b[2mexpect(\u001b[22m\u001b[31mreceived\u001b[39m\u001b[2m).\u001b[22mtoBeFalsy\u001b[2m()\u001b[22m\n\nReceived: \u001b[31mtrue\u001b[39m\n    at Object.toBeFalsy (/Users/kids/code/redo/pkgs/shapeql/src/__tests__/shapeql.test.ts:90:18)\n    at Object.asyncJestTest (/Users/kids/code/redo/common/temp/node_modules/.registry.npmjs.org/jest-jasmine2/24.9.0/node_modules/jest-jasmine2/build/jasmineAsyncInstall.js:102:37)\n    at resolve (/Users/kids/code/redo/common/temp/node_modules/.registry.npmjs.org/jest-jasmine2/24.9.0/node_modules/jest-jasmine2/build/queueRunner.js:43:12)\n    at new Promise (<anonymous>)\n    at mapper (/Users/kids/code/redo/common/temp/node_modules/.registry.npmjs.org/jest-jasmine2/24.9.0/node_modules/jest-jasmine2/build/queueRunner.js:26:19)\n    at promise.then (/Users/kids/code/redo/common/temp/node_modules/.registry.npmjs.org/jest-jasmine2/24.9.0/node_modules/jest-jasmine2/build/queueRunner.js:73:41)\n    at process._tickCallback (internal/process/next_tick.js:68:7)"
          ],
          "fullName": "this will always fail",
          "location": null,
          "numPassingAsserts": 0,
          "status": "failed",
          "title": "this will always fail"
        }
      ],
      "skipped": false,
      "leaks": false
    }
  ],
  "wasInterrupted": false
}